Performing C SOURCE FILE Test CMAKE_HAVE_LIBC_PTHREAD failed with the following output:
Change Dir: /data/ctcdecode-cpp/build/CMakeFiles/CMakeTmp

Run Build Command(s):/usr/bin/make cmTC_ff177/fast && /usr/bin/make  -f CMakeFiles/cmTC_ff177.dir/build.make CMakeFiles/cmTC_ff177.dir/build
make[1]: Entering directory '/data/ctcdecode-cpp/build/CMakeFiles/CMakeTmp'
Building C object CMakeFiles/cmTC_ff177.dir/src.c.o
/usr/bin/cc -DCMAKE_HAVE_LIBC_PTHREAD   -o CMakeFiles/cmTC_ff177.dir/src.c.o -c /data/ctcdecode-cpp/build/CMakeFiles/CMakeTmp/src.c
Linking C executable cmTC_ff177
/opt/cmake-3.19.5/bin/cmake -E cmake_link_script CMakeFiles/cmTC_ff177.dir/link.txt --verbose=1
/usr/bin/cc -rdynamic CMakeFiles/cmTC_ff177.dir/src.c.o -o cmTC_ff177 
/usr/bin/ld: CMakeFiles/cmTC_ff177.dir/src.c.o: in function `main':
src.c:(.text+0x48): undefined reference to `pthread_create'
/usr/bin/ld: src.c:(.text+0x50): undefined reference to `pthread_detach'
/usr/bin/ld: src.c:(.text+0x58): undefined reference to `pthread_cancel'
/usr/bin/ld: src.c:(.text+0x64): undefined reference to `pthread_join'
collect2: error: ld returned 1 exit status
make[1]: *** [CMakeFiles/cmTC_ff177.dir/build.make:106: cmTC_ff177] Error 1
make[1]: Leaving directory '/data/ctcdecode-cpp/build/CMakeFiles/CMakeTmp'
make: *** [Makefile:140: cmTC_ff177/fast] Error 2


Source file was:
#include <pthread.h>

static void* test_func(void* data)
{
  return data;
}

int main(void)
{
  pthread_t thread;
  pthread_create(&thread, NULL, test_func, NULL);
  pthread_detach(thread);
  pthread_cancel(thread);
  pthread_join(thread, NULL);
  pthread_atfork(NULL, NULL, NULL);
  pthread_exit(NULL);

  return 0;
}

Determining if the function pthread_create exists in the pthreads failed with the following output:
Change Dir: /data/ctcdecode-cpp/build/CMakeFiles/CMakeTmp

Run Build Command(s):/usr/bin/make cmTC_501cd/fast && /usr/bin/make  -f CMakeFiles/cmTC_501cd.dir/build.make CMakeFiles/cmTC_501cd.dir/build
make[1]: Entering directory '/data/ctcdecode-cpp/build/CMakeFiles/CMakeTmp'
Building C object CMakeFiles/cmTC_501cd.dir/CheckFunctionExists.c.o
/usr/bin/cc   -DCHECK_FUNCTION_EXISTS=pthread_create -o CMakeFiles/cmTC_501cd.dir/CheckFunctionExists.c.o -c /opt/cmake-3.19.5/share/cmake-3.19/Modules/CheckFunctionExists.c
Linking C executable cmTC_501cd
/opt/cmake-3.19.5/bin/cmake -E cmake_link_script CMakeFiles/cmTC_501cd.dir/link.txt --verbose=1
/usr/bin/cc  -DCHECK_FUNCTION_EXISTS=pthread_create -rdynamic CMakeFiles/cmTC_501cd.dir/CheckFunctionExists.c.o -o cmTC_501cd  -lpthreads 
/usr/bin/ld: cannot find -lpthreads
collect2: error: ld returned 1 exit status
make[1]: *** [CMakeFiles/cmTC_501cd.dir/build.make:106: cmTC_501cd] Error 1
make[1]: Leaving directory '/data/ctcdecode-cpp/build/CMakeFiles/CMakeTmp'
make: *** [Makefile:140: cmTC_501cd/fast] Error 2



